<?xml version="1.0" encoding="UTF-8"?>
<!-- Generated by org.testng.reporters.JUnitXMLReporter -->
<testsuite hostname="OAHOPVDISP0818" name="Default test" tests="11" failures="0" timestamp="13 Apr 2020 11:27:14 GMT" time="280.74" errors="0">
  <testcase name="WholeLifeApplicationTest" time="275.238" classname="com.qa.testCases.WholeLifeTest"/>
  <testcase name="WholeLifeApplicationTest" time="0.0" classname="com.qa.testCases.WholeLifeTest">
    <skipped/>
  </testcase> <!-- WholeLifeApplicationTest -->
  <testcase name="WholeLifeApplicationTest" time="0.016" classname="com.qa.testCases.WholeLifeTest">
    <skipped/>
  </testcase> <!-- WholeLifeApplicationTest -->
  <testcase name="WholeLifeApplicationTest" time="0.0" classname="com.qa.testCases.WholeLifeTest">
    <skipped/>
  </testcase> <!-- WholeLifeApplicationTest -->
  <testcase name="WholeLifeApplicationTest" time="0.0" classname="com.qa.testCases.WholeLifeTest">
    <skipped/>
  </testcase> <!-- WholeLifeApplicationTest -->
  <testcase name="WholeLifeApplicationTest" time="0.0" classname="com.qa.testCases.WholeLifeTest">
    <skipped/>
  </testcase> <!-- WholeLifeApplicationTest -->
  <testcase name="WholeLifeApplicationTest" time="0.016" classname="com.qa.testCases.WholeLifeTest">
    <skipped/>
  </testcase> <!-- WholeLifeApplicationTest -->
  <testcase name="WholeLifeApplicationTest" time="0.016" classname="com.qa.testCases.WholeLifeTest">
    <skipped/>
  </testcase> <!-- WholeLifeApplicationTest -->
  <testcase name="WholeLifeApplicationTest" time="0.0" classname="com.qa.testCases.WholeLifeTest">
    <skipped/>
  </testcase> <!-- WholeLifeApplicationTest -->
  <testcase name="WholeLifeApplicationTest" time="0.0" classname="com.qa.testCases.WholeLifeTest">
    <skipped/>
  </testcase> <!-- WholeLifeApplicationTest -->
  <testcase name="WholeLifeApplicationTest" time="0.0" classname="com.qa.testCases.WholeLifeTest">
    <skipped/>
  </testcase> <!-- WholeLifeApplicationTest -->
</testsuite> <!-- Default test -->
