<?xml version="1.0" encoding="UTF-8"?>
<testng-results skipped="10" failed="0" total="11" passed="1">
  <reporter-output>
  </reporter-output>
  <suite name="Default suite" duration-ms="280740" started-at="2020-04-13T11:22:33Z" finished-at="2020-04-13T11:27:14Z">
    <groups>
    </groups>
    <test name="Default test" duration-ms="280740" started-at="2020-04-13T11:22:33Z" finished-at="2020-04-13T11:27:14Z">
      <class name="com.qa.testCases.WholeLifeTest">
        <test-method status="PASS" signature="setupSuite()[pri:0, instance:com.qa.testCases.WholeLifeTest@39f31e]" name="setupSuite" is-config="true" duration-ms="609" started-at="2020-04-13T16:52:32Z" finished-at="2020-04-13T16:52:33Z">
          <reporter-output>
          </reporter-output>
        </test-method> <!-- setupSuite -->
        <test-method status="PASS" signature="WholeLifeApplicationTest(java.lang.String, java.lang.String, java.lang.String, java.lang.String, java.lang.String, java.lang.String, java.lang.String, java.lang.String, java.lang.String, java.lang.String, java.lang.String, java.lang.String, java.lang.String, java.lang.String, java.lang.String, java.lang.String, java.lang.String, java.lang.String, java.lang.String, java.lang.String, java.lang.String, java.lang.String, java.lang.String, java.lang.String, java.lang.String, java.lang.String, java.lang.String, java.lang.String, java.lang.String, java.lang.String, java.lang.String, java.lang.String, java.lang.String, java.lang.String, java.lang.String, java.lang.String, java.lang.String, java.lang.String, java.lang.String, java.lang.String, java.lang.String, java.lang.String, java.lang.String, java.lang.String, java.lang.String, java.lang.String, java.lang.String, java.lang.String, java.lang.String, java.lang.String, java.lang.String, java.lang.String, java.lang.String, java.lang.String, java.lang.String, java.lang.String, java.lang.String, java.lang.String, java.lang.String, java.lang.String, java.lang.String, java.lang.String, java.lang.String, java.lang.String, java.lang.String, java.lang.String, java.lang.String, java.lang.String, java.lang.String, java.lang.String, java.lang.String, java.lang.String, java.lang.String, java.lang.String, java.lang.String, java.lang.String, java.lang.String, java.lang.String, java.lang.String, java.lang.String, java.lang.String, java.lang.String, java.lang.String, java.lang.String, java.lang.String, java.lang.String, java.lang.String, java.lang.String, java.lang.String, java.lang.String, java.lang.String, java.lang.String, java.lang.String, java.lang.String, java.lang.String, java.lang.String, java.lang.String, java.lang.String, java.lang.String, java.lang.String, java.lang.String, java.lang.String, java.lang.String, java.lang.String, java.lang.String, java.lang.String, java.lang.String, java.lang.String, java.lang.String, java.lang.String, java.lang.String, java.lang.String)[pri:0, instance:com.qa.testCases.WholeLifeTest@39f31e]" name="WholeLifeApplicationTest" duration-ms="275238" started-at="2020-04-13T16:52:34Z" data-provider="getCOTestData" finished-at="2020-04-13T16:57:09Z">
          <params>
            <param index="0">
              <value>
                <![CDATA[Scn 1]]>
              </value>
            </param>
            <param index="1">
              <value>
                <![CDATA[Yes]]>
              </value>
            </param>
            <param index="2">
              <value>
                <![CDATA[OA_Accord_3_5484]]>
              </value>
            </param>
            <param index="3">
              <value>
                <![CDATA[OA_Accord_3_5484]]>
              </value>
            </param>
            <param index="4">
              <value>
                <![CDATA[Jenifer1]]>
              </value>
            </param>
            <param index="5">
              <value>
                <![CDATA[Jones]]>
              </value>
            </param>
            <param index="6">
              <value>
                <![CDATA[01/01/1960]]>
              </value>
            </param>
            <param index="7">
              <value>
                <![CDATA[Female]]>
              </value>
            </param>
            <param index="8">
              <value>
                <![CDATA[Georgia]]>
              </value>
            </param>
            <param index="9">
              <value>
                <![CDATA[Whole Life]]>
              </value>
            </param>
            <param index="10">
              <value>
                <![CDATA[Whole Life 95]]>
              </value>
            </param>
            <param index="11">
              <value>
                <![CDATA[Yes]]>
              </value>
            </param>
            <param index="12">
              <value>
                <![CDATA[Yes]]>
              </value>
            </param>
            <param index="13">
              <value>
                <![CDATA[6.98541236E8]]>
              </value>
            </param>
            <param index="14">
              <value>
                <![CDATA[USA]]>
              </value>
            </param>
            <param index="15">
              <value>
                <![CDATA[Indiana]]>
              </value>
            </param>
            <param index="16">
              <value>
                <![CDATA[Yes]]>
              </value>
            </param>
            <param index="17">
              <value>
                <![CDATA[Street]]>
              </value>
            </param>
            <param index="18">
              <value>
                <![CDATA[City]]>
              </value>
            </param>
            <param index="19">
              <value>
                <![CDATA[00012-4520]]>
              </value>
            </param>
            <param index="20">
              <value>
                <![CDATA[USA]]>
              </value>
            </param>
            <param index="21">
              <value>
                <![CDATA[10.0]]>
              </value>
            </param>
            <param index="22">
              <value>
                <![CDATA[9.632587412E9]]>
              </value>
            </param>
            <param index="23">
              <value>
                <![CDATA[No]]>
              </value>
            </param>
            <param index="24">
              <value>
                <![CDATA[Proposed Insured]]>
              </value>
            </param>
            <param index="25">
              <value>
                <![CDATA[Yes]]>
              </value>
            </param>
            <param index="26">
              <value>
                <![CDATA[2356241]]>
              </value>
            </param>
            <param index="27">
              <value>
                <![CDATA[Alaska]]>
              </value>
            </param>
            <param index="28">
              <value>
                <![CDATA[12/06/2030]]>
              </value>
            </param>
            <param index="29">
              <value>
                <![CDATA[12000]]>
              </value>
            </param>
            <param index="30">
              <value>
                <![CDATA[2100]]>
              </value>
            </param>
            <param index="31">
              <value>
                <![CDATA[150000]]>
              </value>
            </param>
            <param index="32">
              <value>
                <![CDATA[No]]>
              </value>
            </param>
            <param index="33">
              <value>
                <![CDATA[Aruba]]>
              </value>
            </param>
            <param index="34">
              <value>
                <![CDATA[No]]>
              </value>
            </param>
            <param index="35">
              <value>
                <![CDATA[231546525]]>
              </value>
            </param>
            <param index="36">
              <value>
                <![CDATA[06-Dec-2030]]>
              </value>
            </param>
            <param index="37">
              <value>
                <![CDATA[No]]>
              </value>
            </param>
            <param index="38">
              <value>
                <![CDATA[na]]>
              </value>
            </param>
            <param index="39">
              <value>
                <![CDATA[06-Dec-2030]]>
              </value>
            </param>
            <param index="40">
              <value>
                <![CDATA[5623214]]>
              </value>
            </param>
            <param index="41">
              <value>
                <![CDATA[na]]>
              </value>
            </param>
            <param index="42">
              <value>
                <![CDATA[Individual]]>
              </value>
            </param>
            <param index="43">
              <value>
                <![CDATA[Aunt]]>
              </value>
            </param>
            <param index="44">
              <value>
                <![CDATA[Test_First]]>
              </value>
            </param>
            <param index="45">
              <value>
                <![CDATA[Test_Last]]>
              </value>
            </param>
            <param index="46">
              <value>
                <![CDATA[7.56339751E8]]>
              </value>
            </param>
            <param index="47">
              <value>
                <![CDATA[12/6/1960]]>
              </value>
            </param>
            <param index="48">
              <value>
                <![CDATA[Georgia]]>
              </value>
            </param>
            <param index="49">
              <value>
                <![CDATA[Male]]>
              </value>
            </param>
            <param index="50">
              <value>
                <![CDATA[Yes]]>
              </value>
            </param>
            <param index="51">
              <value>
                <![CDATA[Alaska]]>
              </value>
            </param>
            <param index="52">
              <value>
                <![CDATA[12/6/2030]]>
              </value>
            </param>
            <param index="53">
              <value>
                <![CDATA[No]]>
              </value>
            </param>
            <param index="54">
              <value>
                <![CDATA[5]]>
              </value>
            </param>
            <param index="55">
              <value>
                <![CDATA[Yes]]>
              </value>
            </param>
            <param index="56">
              <value>
                <![CDATA[To Deceased Beneficiary's Child(ren)]]>
              </value>
            </param>
            <param index="57">
              <value>
                <![CDATA[Other]]>
              </value>
            </param>
            <param index="58">
              <value>
                <![CDATA[TestName1]]>
              </value>
            </param>
            <param index="59">
              <value>
                <![CDATA[TestLastName1]]>
              </value>
            </param>
            <param index="60">
              <value>
                <![CDATA[Male]]>
              </value>
            </param>
            <param index="61">
              <value>
                <![CDATA[987-52-3698]]>
              </value>
            </param>
            <param index="62">
              <value>
                <![CDATA[20]]>
              </value>
            </param>
            <param index="63">
              <value>
                <![CDATA[Entity1]]>
              </value>
            </param>
            <param index="64">
              <value>
                <![CDATA[CorporateOfficer1]]>
              </value>
            </param>
            <param index="65">
              <value>
                <![CDATA[Title1]]>
              </value>
            </param>
            <param index="66">
              <value>
                <![CDATA[AL]]>
              </value>
            </param>
            <param index="67">
              <value>
                <![CDATA[Other1]]>
              </value>
            </param>
            <param index="68">
              <value>
                <![CDATA[Friend]]>
              </value>
            </param>
            <param index="69">
              <value>
                <![CDATA[TestName2]]>
              </value>
            </param>
            <param index="70">
              <value>
                <![CDATA[TestLastName2]]>
              </value>
            </param>
            <param index="71">
              <value>
                <![CDATA[Male]]>
              </value>
            </param>
            <param index="72">
              <value>
                <![CDATA[987-52-3692]]>
              </value>
            </param>
            <param index="73">
              <value>
                <![CDATA[30]]>
              </value>
            </param>
            <param index="74">
              <value>
                <![CDATA[Entity2]]>
              </value>
            </param>
            <param index="75">
              <value>
                <![CDATA[Other2]]>
              </value>
            </param>
            <param index="76">
              <value>
                <![CDATA[Other]]>
              </value>
            </param>
            <param index="77">
              <value>
                <![CDATA[TestName3]]>
              </value>
            </param>
            <param index="78">
              <value>
                <![CDATA[TestLastName3]]>
              </value>
            </param>
            <param index="79">
              <value>
                <![CDATA[Male]]>
              </value>
            </param>
            <param index="80">
              <value>
                <![CDATA[987-52-3693]]>
              </value>
            </param>
            <param index="81">
              <value>
                <![CDATA[10]]>
              </value>
            </param>
            <param index="82">
              <value>
                <![CDATA[Entity3]]>
              </value>
            </param>
            <param index="83">
              <value>
                <![CDATA[Other3]]>
              </value>
            </param>
            <param index="84">
              <value>
                <![CDATA[Aunt]]>
              </value>
            </param>
            <param index="85">
              <value>
                <![CDATA[TestName4]]>
              </value>
            </param>
            <param index="86">
              <value>
                <![CDATA[TestLastName4]]>
              </value>
            </param>
            <param index="87">
              <value>
                <![CDATA[Female]]>
              </value>
            </param>
            <param index="88">
              <value>
                <![CDATA[987-52-3694]]>
              </value>
            </param>
            <param index="89">
              <value>
                <![CDATA[15]]>
              </value>
            </param>
            <param index="90">
              <value>
                <![CDATA[Entity4]]>
              </value>
            </param>
            <param index="91">
              <value>
                <![CDATA[Other4]]>
              </value>
            </param>
            <param index="92">
              <value>
                <![CDATA[Child]]>
              </value>
            </param>
            <param index="93">
              <value>
                <![CDATA[TestName5]]>
              </value>
            </param>
            <param index="94">
              <value>
                <![CDATA[TestLastName5]]>
              </value>
            </param>
            <param index="95">
              <value>
                <![CDATA[Male]]>
              </value>
            </param>
            <param index="96">
              <value>
                <![CDATA[987-52-3695]]>
              </value>
            </param>
            <param index="97">
              <value>
                <![CDATA[25]]>
              </value>
            </param>
            <param index="98">
              <value>
                <![CDATA[Entity5]]>
              </value>
            </param>
            <param index="99">
              <value>
                <![CDATA[Other5]]>
              </value>
            </param>
            <param index="100">
              <value>
                <![CDATA[50000]]>
              </value>
            </param>
            <param index="101">
              <value>
                <![CDATA[2500]]>
              </value>
            </param>
            <param index="102">
              <value>
                <![CDATA[Yes]]>
              </value>
            </param>
            <param index="103">
              <value>
                <![CDATA[1000]]>
              </value>
            </param>
            <param index="104">
              <value>
                <![CDATA[40]]>
              </value>
            </param>
            <param index="105">
              <value>
                <![CDATA[Automatic Premium Loan/APL (if available)]]>
              </value>
            </param>
            <param index="106">
              <value>
                <![CDATA[Other]]>
              </value>
            </param>
            <param index="107">
              <value>
                <![CDATA[na]]>
              </value>
            </param>
            <param index="108">
              <value>
                <![CDATA[Yes]]>
              </value>
            </param>
            <param index="109">
              <value>
                <![CDATA[No]]>
              </value>
            </param>
            <param index="110">
              <value>
                <![CDATA[Yes]]>
              </value>
            </param>
            <param index="111">
              <value>
                <![CDATA[No]]>
              </value>
            </param>
          </params>
          <reporter-output>
          </reporter-output>
        </test-method> <!-- WholeLifeApplicationTest -->
        <test-method status="PASS" signature="tearDown(org.testng.ITestResult)[pri:0, instance:com.qa.testCases.WholeLifeTest@39f31e]" name="tearDown" is-config="true" duration-ms="1694" started-at="2020-04-13T16:57:09Z" finished-at="2020-04-13T16:57:11Z">
          <params>
            <param index="0">
              <value>
                <![CDATA[[TestResult: WholeLifeApplicationTest STATUS:SUCCESS METHOD:WholeLifeTest.WholeLifeApplicationTest(java.lang.String, java.lang.String, java.lang.String, java.lang.String, java.lang.String, java.lang.String, java.lang.String, java.lang.String, java.lang.String, java.lang.String, java.lang.String, java.lang.String, java.lang.String, java.lang.String, java.lang.String, java.lang.String, java.lang.String, java.lang.String, java.lang.String, java.lang.String, java.lang.String, java.lang.String, java.lang.String, java.lang.String, java.lang.String, java.lang.String, java.lang.String, java.lang.String, java.lang.String, java.lang.String, java.lang.String, java.lang.String, java.lang.String, java.lang.String, java.lang.String, java.lang.String, java.lang.String, java.lang.String, java.lang.String, java.lang.String, java.lang.String, java.lang.String, java.lang.String, java.lang.String, java.lang.String, java.lang.String, java.lang.String, java.lang.String, java.lang.String, java.lang.String, java.lang.String, java.lang.String, java.lang.String, java.lang.String, java.lang.String, java.lang.String, java.lang.String, java.lang.String, java.lang.String, java.lang.String, java.lang.String, java.lang.String, java.lang.String, java.lang.String, java.lang.String, java.lang.String, java.lang.String, java.lang.String, java.lang.String, java.lang.String, java.lang.String, java.lang.String, java.lang.String, java.lang.String, java.lang.String, java.lang.String, java.lang.String, java.lang.String, java.lang.String, java.lang.String, java.lang.String, java.lang.String, java.lang.String, java.lang.String, java.lang.String, java.lang.String, java.lang.String, java.lang.String, java.lang.String, java.lang.String, java.lang.String, java.lang.String, java.lang.String, java.lang.String, java.lang.String, java.lang.String, java.lang.String, java.lang.String, java.lang.String, java.lang.String, java.lang.String, java.lang.String, java.lang.String, java.lang.String, java.lang.String, java.lang.String, java.lang.String, java.lang.String, java.lang.String, java.lang.String, java.lang.String, java.lang.String)[pri:0, instance:com.qa.testCases.WholeLifeTest@39f31e]]
]]>
              </value>
            </param>
          </params>
          <reporter-output>
          </reporter-output>
        </test-method> <!-- tearDown -->
        <test-method status="SKIP" signature="WholeLifeApplicationTest(java.lang.String, java.lang.String, java.lang.String, java.lang.String, java.lang.String, java.lang.String, java.lang.String, java.lang.String, java.lang.String, java.lang.String, java.lang.String, java.lang.String, java.lang.String, java.lang.String, java.lang.String, java.lang.String, java.lang.String, java.lang.String, java.lang.String, java.lang.String, java.lang.String, java.lang.String, java.lang.String, java.lang.String, java.lang.String, java.lang.String, java.lang.String, java.lang.String, java.lang.String, java.lang.String, java.lang.String, java.lang.String, java.lang.String, java.lang.String, java.lang.String, java.lang.String, java.lang.String, java.lang.String, java.lang.String, java.lang.String, java.lang.String, java.lang.String, java.lang.String, java.lang.String, java.lang.String, java.lang.String, java.lang.String, java.lang.String, java.lang.String, java.lang.String, java.lang.String, java.lang.String, java.lang.String, java.lang.String, java.lang.String, java.lang.String, java.lang.String, java.lang.String, java.lang.String, java.lang.String, java.lang.String, java.lang.String, java.lang.String, java.lang.String, java.lang.String, java.lang.String, java.lang.String, java.lang.String, java.lang.String, java.lang.String, java.lang.String, java.lang.String, java.lang.String, java.lang.String, java.lang.String, java.lang.String, java.lang.String, java.lang.String, java.lang.String, java.lang.String, java.lang.String, java.lang.String, java.lang.String, java.lang.String, java.lang.String, java.lang.String, java.lang.String, java.lang.String, java.lang.String, java.lang.String, java.lang.String, java.lang.String, java.lang.String, java.lang.String, java.lang.String, java.lang.String, java.lang.String, java.lang.String, java.lang.String, java.lang.String, java.lang.String, java.lang.String, java.lang.String, java.lang.String, java.lang.String, java.lang.String, java.lang.String, java.lang.String, java.lang.String, java.lang.String, java.lang.String, java.lang.String)[pri:0, instance:com.qa.testCases.WholeLifeTest@39f31e]" name="WholeLifeApplicationTest" duration-ms="0" started-at="2020-04-13T16:57:11Z" data-provider="getCOTestData" finished-at="2020-04-13T16:57:11Z">
          <params>
            <param index="0">
              <value>
                <![CDATA[Scn 2]]>
              </value>
            </param>
            <param index="1">
              <value>
                <![CDATA[No]]>
              </value>
            </param>
            <param index="2">
              <value>
                <![CDATA[OA_Accord_3_5484]]>
              </value>
            </param>
            <param index="3">
              <value>
                <![CDATA[OA_Accord_3_5484]]>
              </value>
            </param>
            <param index="4">
              <value>
                <![CDATA[Jenifer1]]>
              </value>
            </param>
            <param index="5">
              <value>
                <![CDATA[Jones]]>
              </value>
            </param>
            <param index="6">
              <value>
                <![CDATA[01/01/1960]]>
              </value>
            </param>
            <param index="7">
              <value>
                <![CDATA[Female]]>
              </value>
            </param>
            <param index="8">
              <value>
                <![CDATA[Georgia]]>
              </value>
            </param>
            <param index="9">
              <value>
                <![CDATA[Whole Life]]>
              </value>
            </param>
            <param index="10">
              <value>
                <![CDATA[Whole Life 121]]>
              </value>
            </param>
            <param index="11">
              <value>
                <![CDATA[No]]>
              </value>
            </param>
            <param index="12">
              <value>
                <![CDATA[Yes]]>
              </value>
            </param>
            <param index="13">
              <value>
                <![CDATA[6.98541236E8]]>
              </value>
            </param>
            <param index="14">
              <value>
                <![CDATA[USA]]>
              </value>
            </param>
            <param index="15">
              <value>
                <![CDATA[Indiana]]>
              </value>
            </param>
            <param index="16">
              <value>
                <![CDATA[Yes]]>
              </value>
            </param>
            <param index="17">
              <value>
                <![CDATA[Street]]>
              </value>
            </param>
            <param index="18">
              <value>
                <![CDATA[City]]>
              </value>
            </param>
            <param index="19">
              <value>
                <![CDATA[00012-4520]]>
              </value>
            </param>
            <param index="20">
              <value>
                <![CDATA[USA]]>
              </value>
            </param>
            <param index="21">
              <value>
                <![CDATA[10.0]]>
              </value>
            </param>
            <param index="22">
              <value>
                <![CDATA[9.632587412E9]]>
              </value>
            </param>
            <param index="23">
              <value>
                <![CDATA[Yes]]>
              </value>
            </param>
            <param index="24">
              <value>
                <![CDATA[Proposed Insured]]>
              </value>
            </param>
            <param index="25">
              <value>
                <![CDATA[Yes]]>
              </value>
            </param>
            <param index="26">
              <value>
                <![CDATA[2356241]]>
              </value>
            </param>
            <param index="27">
              <value>
                <![CDATA[Alaska]]>
              </value>
            </param>
            <param index="28">
              <value>
                <![CDATA[12/06/2030]]>
              </value>
            </param>
            <param index="29">
              <value>
                <![CDATA[12000]]>
              </value>
            </param>
            <param index="30">
              <value>
                <![CDATA[2100]]>
              </value>
            </param>
            <param index="31">
              <value>
                <![CDATA[150000]]>
              </value>
            </param>
            <param index="32">
              <value>
                <![CDATA[No]]>
              </value>
            </param>
            <param index="33">
              <value>
                <![CDATA[Aruba]]>
              </value>
            </param>
            <param index="34">
              <value>
                <![CDATA[No]]>
              </value>
            </param>
            <param index="35">
              <value>
                <![CDATA[231546525]]>
              </value>
            </param>
            <param index="36">
              <value>
                <![CDATA[06-Dec-2030]]>
              </value>
            </param>
            <param index="37">
              <value>
                <![CDATA[No]]>
              </value>
            </param>
            <param index="38">
              <value>
                <![CDATA[na]]>
              </value>
            </param>
            <param index="39">
              <value>
                <![CDATA[06-Dec-2030]]>
              </value>
            </param>
            <param index="40">
              <value>
                <![CDATA[5623214]]>
              </value>
            </param>
            <param index="41">
              <value>
                <![CDATA[na]]>
              </value>
            </param>
            <param index="42">
              <value>
                <![CDATA[Individual]]>
              </value>
            </param>
            <param index="43">
              <value>
                <![CDATA[Aunt]]>
              </value>
            </param>
            <param index="44">
              <value>
                <![CDATA[Test_First]]>
              </value>
            </param>
            <param index="45">
              <value>
                <![CDATA[Test_Last]]>
              </value>
            </param>
            <param index="46">
              <value>
                <![CDATA[7.56339751E8]]>
              </value>
            </param>
            <param index="47">
              <value>
                <![CDATA[12/6/1960]]>
              </value>
            </param>
            <param index="48">
              <value>
                <![CDATA[Georgia]]>
              </value>
            </param>
            <param index="49">
              <value>
                <![CDATA[Male]]>
              </value>
            </param>
            <param index="50">
              <value>
                <![CDATA[Yes]]>
              </value>
            </param>
            <param index="51">
              <value>
                <![CDATA[Alaska]]>
              </value>
            </param>
            <param index="52">
              <value>
                <![CDATA[12/6/2030]]>
              </value>
            </param>
            <param index="53">
              <value>
                <![CDATA[No]]>
              </value>
            </param>
            <param index="54">
              <value>
                <![CDATA[5]]>
              </value>
            </param>
            <param index="55">
              <value>
                <![CDATA[Yes]]>
              </value>
            </param>
            <param index="56">
              <value>
                <![CDATA[To Deceased Beneficiary's Child(ren)]]>
              </value>
            </param>
            <param index="57">
              <value>
                <![CDATA[Other]]>
              </value>
            </param>
            <param index="58">
              <value>
                <![CDATA[TestName1]]>
              </value>
            </param>
            <param index="59">
              <value>
                <![CDATA[TestLastName1]]>
              </value>
            </param>
            <param index="60">
              <value>
                <![CDATA[Male]]>
              </value>
            </param>
            <param index="61">
              <value>
                <![CDATA[987-52-3698]]>
              </value>
            </param>
            <param index="62">
              <value>
                <![CDATA[20]]>
              </value>
            </param>
            <param index="63">
              <value>
                <![CDATA[Entity1]]>
              </value>
            </param>
            <param index="64">
              <value>
                <![CDATA[CorporateOfficer1]]>
              </value>
            </param>
            <param index="65">
              <value>
                <![CDATA[Title1]]>
              </value>
            </param>
            <param index="66">
              <value>
                <![CDATA[AL]]>
              </value>
            </param>
            <param index="67">
              <value>
                <![CDATA[Other1]]>
              </value>
            </param>
            <param index="68">
              <value>
                <![CDATA[Friend]]>
              </value>
            </param>
            <param index="69">
              <value>
                <![CDATA[TestName2]]>
              </value>
            </param>
            <param index="70">
              <value>
                <![CDATA[TestLastName2]]>
              </value>
            </param>
            <param index="71">
              <value>
                <![CDATA[Male]]>
              </value>
            </param>
            <param index="72">
              <value>
                <![CDATA[987-52-3692]]>
              </value>
            </param>
            <param index="73">
              <value>
                <![CDATA[30]]>
              </value>
            </param>
            <param index="74">
              <value>
                <![CDATA[Entity2]]>
              </value>
            </param>
            <param index="75">
              <value>
                <![CDATA[Other2]]>
              </value>
            </param>
            <param index="76">
              <value>
                <![CDATA[Other]]>
              </value>
            </param>
            <param index="77">
              <value>
                <![CDATA[TestName3]]>
              </value>
            </param>
            <param index="78">
              <value>
                <![CDATA[TestLastName3]]>
              </value>
            </param>
            <param index="79">
              <value>
                <![CDATA[Male]]>
              </value>
            </param>
            <param index="80">
              <value>
                <![CDATA[987-52-3693]]>
              </value>
            </param>
            <param index="81">
              <value>
                <![CDATA[10]]>
              </value>
            </param>
            <param index="82">
              <value>
                <![CDATA[Entity3]]>
              </value>
            </param>
            <param index="83">
              <value>
                <![CDATA[Other3]]>
              </value>
            </param>
            <param index="84">
              <value>
                <![CDATA[Aunt]]>
              </value>
            </param>
            <param index="85">
              <value>
                <![CDATA[TestName4]]>
              </value>
            </param>
            <param index="86">
              <value>
                <![CDATA[TestLastName4]]>
              </value>
            </param>
            <param index="87">
              <value>
                <![CDATA[Female]]>
              </value>
            </param>
            <param index="88">
              <value>
                <![CDATA[987-52-3694]]>
              </value>
            </param>
            <param index="89">
              <value>
                <![CDATA[15]]>
              </value>
            </param>
            <param index="90">
              <value>
                <![CDATA[Entity4]]>
              </value>
            </param>
            <param index="91">
              <value>
                <![CDATA[Other4]]>
              </value>
            </param>
            <param index="92">
              <value>
                <![CDATA[Child]]>
              </value>
            </param>
            <param index="93">
              <value>
                <![CDATA[TestName5]]>
              </value>
            </param>
            <param index="94">
              <value>
                <![CDATA[TestLastName5]]>
              </value>
            </param>
            <param index="95">
              <value>
                <![CDATA[Male]]>
              </value>
            </param>
            <param index="96">
              <value>
                <![CDATA[987-52-3695]]>
              </value>
            </param>
            <param index="97">
              <value>
                <![CDATA[25]]>
              </value>
            </param>
            <param index="98">
              <value>
                <![CDATA[Entity5]]>
              </value>
            </param>
            <param index="99">
              <value>
                <![CDATA[Other5]]>
              </value>
            </param>
            <param index="100">
              <value>
                <![CDATA[50000]]>
              </value>
            </param>
            <param index="101">
              <value>
                <![CDATA[2500]]>
              </value>
            </param>
            <param index="102">
              <value>
                <![CDATA[Yes]]>
              </value>
            </param>
            <param index="103">
              <value>
                <![CDATA[1000]]>
              </value>
            </param>
            <param index="104">
              <value>
                <![CDATA[40]]>
              </value>
            </param>
            <param index="105">
              <value>
                <![CDATA[Automatic Premium Loan/APL (if available)]]>
              </value>
            </param>
            <param index="106">
              <value>
                <![CDATA[Other]]>
              </value>
            </param>
            <param index="107">
              <value>
                <![CDATA[na]]>
              </value>
            </param>
            <param index="108">
              <value>
                <![CDATA[Yes]]>
              </value>
            </param>
            <param index="109">
              <value>
                <![CDATA[No]]>
              </value>
            </param>
            <param index="110">
              <value>
                <![CDATA[Yes]]>
              </value>
            </param>
            <param index="111">
              <value>
                <![CDATA[Yes]]>
              </value>
            </param>
          </params>
          <exception class="org.testng.SkipException">
            <message>
              <![CDATA[Scn 2 is Skipped]]>
            </message>
            <full-stacktrace>
              <![CDATA[org.testng.SkipException: Scn 2 is Skipped
	at com.qa.testCases.WholeLifeTest.WholeLifeApplicationTest(WholeLifeTest.java:121)
	at sun.reflect.NativeMethodAccessorImpl.invoke0(Native Method)
	at sun.reflect.NativeMethodAccessorImpl.invoke(Unknown Source)
	at sun.reflect.DelegatingMethodAccessorImpl.invoke(Unknown Source)
	at java.lang.reflect.Method.invoke(Unknown Source)
	at org.testng.internal.MethodInvocationHelper.invokeMethod(MethodInvocationHelper.java:80)
	at org.testng.internal.Invoker.invokeMethod(Invoker.java:715)
	at org.testng.internal.Invoker.invokeTestMethod(Invoker.java:907)
	at org.testng.internal.Invoker.invokeTestMethods(Invoker.java:1237)
	at org.testng.internal.TestMethodWorker.invokeTestMethods(TestMethodWorker.java:127)
	at org.testng.internal.TestMethodWorker.run(TestMethodWorker.java:111)
	at org.testng.TestRunner.privateRun(TestRunner.java:767)
	at org.testng.TestRunner.run(TestRunner.java:617)
	at org.testng.SuiteRunner.runTest(SuiteRunner.java:334)
	at org.testng.SuiteRunner.runSequentially(SuiteRunner.java:329)
	at org.testng.SuiteRunner.privateRun(SuiteRunner.java:291)
	at org.testng.SuiteRunner.run(SuiteRunner.java:240)
	at org.testng.SuiteRunnerWorker.runSuite(SuiteRunnerWorker.java:51)
	at org.testng.SuiteRunnerWorker.run(SuiteRunnerWorker.java:85)
	at org.testng.TestNG.runSuitesSequentially(TestNG.java:1197)
	at org.testng.TestNG.runSuitesLocally(TestNG.java:1122)
	at org.testng.TestNG.run(TestNG.java:1030)
	at org.testng.remote.AbstractRemoteTestNG.run(AbstractRemoteTestNG.java:132)
	at org.testng.remote.RemoteTestNG.initAndRun(RemoteTestNG.java:236)
	at org.testng.remote.RemoteTestNG.main(RemoteTestNG.java:81)
]]>
            </full-stacktrace>
          </exception> <!-- org.testng.SkipException -->
          <reporter-output>
          </reporter-output>
        </test-method> <!-- WholeLifeApplicationTest -->
        <test-method status="PASS" signature="tearDown(org.testng.ITestResult)[pri:0, instance:com.qa.testCases.WholeLifeTest@39f31e]" name="tearDown" is-config="true" duration-ms="109" started-at="2020-04-13T16:57:11Z" finished-at="2020-04-13T16:57:11Z">
          <params>
            <param index="0">
              <value>
                <![CDATA[[TestResult: WholeLifeApplicationTest STATUS:SKIP METHOD:WholeLifeTest.WholeLifeApplicationTest(java.lang.String, java.lang.String, java.lang.String, java.lang.String, java.lang.String, java.lang.String, java.lang.String, java.lang.String, java.lang.String, java.lang.String, java.lang.String, java.lang.String, java.lang.String, java.lang.String, java.lang.String, java.lang.String, java.lang.String, java.lang.String, java.lang.String, java.lang.String, java.lang.String, java.lang.String, java.lang.String, java.lang.String, java.lang.String, java.lang.String, java.lang.String, java.lang.String, java.lang.String, java.lang.String, java.lang.String, java.lang.String, java.lang.String, java.lang.String, java.lang.String, java.lang.String, java.lang.String, java.lang.String, java.lang.String, java.lang.String, java.lang.String, java.lang.String, java.lang.String, java.lang.String, java.lang.String, java.lang.String, java.lang.String, java.lang.String, java.lang.String, java.lang.String, java.lang.String, java.lang.String, java.lang.String, java.lang.String, java.lang.String, java.lang.String, java.lang.String, java.lang.String, java.lang.String, java.lang.String, java.lang.String, java.lang.String, java.lang.String, java.lang.String, java.lang.String, java.lang.String, java.lang.String, java.lang.String, java.lang.String, java.lang.String, java.lang.String, java.lang.String, java.lang.String, java.lang.String, java.lang.String, java.lang.String, java.lang.String, java.lang.String, java.lang.String, java.lang.String, java.lang.String, java.lang.String, java.lang.String, java.lang.String, java.lang.String, java.lang.String, java.lang.String, java.lang.String, java.lang.String, java.lang.String, java.lang.String, java.lang.String, java.lang.String, java.lang.String, java.lang.String, java.lang.String, java.lang.String, java.lang.String, java.lang.String, java.lang.String, java.lang.String, java.lang.String, java.lang.String, java.lang.String, java.lang.String, java.lang.String, java.lang.String, java.lang.String, java.lang.String, java.lang.String, java.lang.String, java.lang.String)[pri:0, instance:com.qa.testCases.WholeLifeTest@39f31e]]
]]>
              </value>
            </param>
          </params>
          <reporter-output>
          </reporter-output>
        </test-method> <!-- tearDown -->
        <test-method status="SKIP" signature="WholeLifeApplicationTest(java.lang.String, java.lang.String, java.lang.String, java.lang.String, java.lang.String, java.lang.String, java.lang.String, java.lang.String, java.lang.String, java.lang.String, java.lang.String, java.lang.String, java.lang.String, java.lang.String, java.lang.String, java.lang.String, java.lang.String, java.lang.String, java.lang.String, java.lang.String, java.lang.String, java.lang.String, java.lang.String, java.lang.String, java.lang.String, java.lang.String, java.lang.String, java.lang.String, java.lang.String, java.lang.String, java.lang.String, java.lang.String, java.lang.String, java.lang.String, java.lang.String, java.lang.String, java.lang.String, java.lang.String, java.lang.String, java.lang.String, java.lang.String, java.lang.String, java.lang.String, java.lang.String, java.lang.String, java.lang.String, java.lang.String, java.lang.String, java.lang.String, java.lang.String, java.lang.String, java.lang.String, java.lang.String, java.lang.String, java.lang.String, java.lang.String, java.lang.String, java.lang.String, java.lang.String, java.lang.String, java.lang.String, java.lang.String, java.lang.String, java.lang.String, java.lang.String, java.lang.String, java.lang.String, java.lang.String, java.lang.String, java.lang.String, java.lang.String, java.lang.String, java.lang.String, java.lang.String, java.lang.String, java.lang.String, java.lang.String, java.lang.String, java.lang.String, java.lang.String, java.lang.String, java.lang.String, java.lang.String, java.lang.String, java.lang.String, java.lang.String, java.lang.String, java.lang.String, java.lang.String, java.lang.String, java.lang.String, java.lang.String, java.lang.String, java.lang.String, java.lang.String, java.lang.String, java.lang.String, java.lang.String, java.lang.String, java.lang.String, java.lang.String, java.lang.String, java.lang.String, java.lang.String, java.lang.String, java.lang.String, java.lang.String, java.lang.String, java.lang.String, java.lang.String, java.lang.String, java.lang.String)[pri:0, instance:com.qa.testCases.WholeLifeTest@39f31e]" name="WholeLifeApplicationTest" duration-ms="16" started-at="2020-04-13T16:57:11Z" data-provider="getCOTestData" finished-at="2020-04-13T16:57:11Z">
          <params>
            <param index="0">
              <value>
                <![CDATA[Scn 3]]>
              </value>
            </param>
            <param index="1">
              <value>
                <![CDATA[No]]>
              </value>
            </param>
            <param index="2">
              <value>
                <![CDATA[OA_Accord_3_5484]]>
              </value>
            </param>
            <param index="3">
              <value>
                <![CDATA[OA_Accord_3_5484]]>
              </value>
            </param>
            <param index="4">
              <value>
                <![CDATA[Jenifer1]]>
              </value>
            </param>
            <param index="5">
              <value>
                <![CDATA[Jones]]>
              </value>
            </param>
            <param index="6">
              <value>
                <![CDATA[01/01/1960]]>
              </value>
            </param>
            <param index="7">
              <value>
                <![CDATA[Female]]>
              </value>
            </param>
            <param index="8">
              <value>
                <![CDATA[Georgia]]>
              </value>
            </param>
            <param index="9">
              <value>
                <![CDATA[Whole Life]]>
              </value>
            </param>
            <param index="10">
              <value>
                <![CDATA[Whole Life 95]]>
              </value>
            </param>
            <param index="11">
              <value>
                <![CDATA[No]]>
              </value>
            </param>
            <param index="12">
              <value>
                <![CDATA[Yes]]>
              </value>
            </param>
            <param index="13">
              <value>
                <![CDATA[6.98541236E8]]>
              </value>
            </param>
            <param index="14">
              <value>
                <![CDATA[USA]]>
              </value>
            </param>
            <param index="15">
              <value>
                <![CDATA[Indiana]]>
              </value>
            </param>
            <param index="16">
              <value>
                <![CDATA[Yes]]>
              </value>
            </param>
            <param index="17">
              <value>
                <![CDATA[Street]]>
              </value>
            </param>
            <param index="18">
              <value>
                <![CDATA[City]]>
              </value>
            </param>
            <param index="19">
              <value>
                <![CDATA[00012-4520]]>
              </value>
            </param>
            <param index="20">
              <value>
                <![CDATA[USA]]>
              </value>
            </param>
            <param index="21">
              <value>
                <![CDATA[10.0]]>
              </value>
            </param>
            <param index="22">
              <value>
                <![CDATA[9.632587412E9]]>
              </value>
            </param>
            <param index="23">
              <value>
                <![CDATA[No]]>
              </value>
            </param>
            <param index="24">
              <value>
                <![CDATA[Proposed Insured]]>
              </value>
            </param>
            <param index="25">
              <value>
                <![CDATA[Yes]]>
              </value>
            </param>
            <param index="26">
              <value>
                <![CDATA[2356241]]>
              </value>
            </param>
            <param index="27">
              <value>
                <![CDATA[Alaska]]>
              </value>
            </param>
            <param index="28">
              <value>
                <![CDATA[12/06/2030]]>
              </value>
            </param>
            <param index="29">
              <value>
                <![CDATA[12000]]>
              </value>
            </param>
            <param index="30">
              <value>
                <![CDATA[2100]]>
              </value>
            </param>
            <param index="31">
              <value>
                <![CDATA[150000]]>
              </value>
            </param>
            <param index="32">
              <value>
                <![CDATA[No]]>
              </value>
            </param>
            <param index="33">
              <value>
                <![CDATA[Aruba]]>
              </value>
            </param>
            <param index="34">
              <value>
                <![CDATA[No]]>
              </value>
            </param>
            <param index="35">
              <value>
                <![CDATA[231546525]]>
              </value>
            </param>
            <param index="36">
              <value>
                <![CDATA[06-Dec-2030]]>
              </value>
            </param>
            <param index="37">
              <value>
                <![CDATA[No]]>
              </value>
            </param>
            <param index="38">
              <value>
                <![CDATA[na]]>
              </value>
            </param>
            <param index="39">
              <value>
                <![CDATA[06-Dec-2030]]>
              </value>
            </param>
            <param index="40">
              <value>
                <![CDATA[5623214]]>
              </value>
            </param>
            <param index="41">
              <value>
                <![CDATA[na]]>
              </value>
            </param>
            <param index="42">
              <value>
                <![CDATA[Individual]]>
              </value>
            </param>
            <param index="43">
              <value>
                <![CDATA[Aunt]]>
              </value>
            </param>
            <param index="44">
              <value>
                <![CDATA[Test_First]]>
              </value>
            </param>
            <param index="45">
              <value>
                <![CDATA[Test_Last]]>
              </value>
            </param>
            <param index="46">
              <value>
                <![CDATA[7.56339751E8]]>
              </value>
            </param>
            <param index="47">
              <value>
                <![CDATA[12/6/1960]]>
              </value>
            </param>
            <param index="48">
              <value>
                <![CDATA[Georgia]]>
              </value>
            </param>
            <param index="49">
              <value>
                <![CDATA[Male]]>
              </value>
            </param>
            <param index="50">
              <value>
                <![CDATA[Yes]]>
              </value>
            </param>
            <param index="51">
              <value>
                <![CDATA[Alaska]]>
              </value>
            </param>
            <param index="52">
              <value>
                <![CDATA[12/6/2030]]>
              </value>
            </param>
            <param index="53">
              <value>
                <![CDATA[No]]>
              </value>
            </param>
            <param index="54">
              <value>
                <![CDATA[5]]>
              </value>
            </param>
            <param index="55">
              <value>
                <![CDATA[Yes]]>
              </value>
            </param>
            <param index="56">
              <value>
                <![CDATA[To Deceased Beneficiary's Child(ren)]]>
              </value>
            </param>
            <param index="57">
              <value>
                <![CDATA[Other]]>
              </value>
            </param>
            <param index="58">
              <value>
                <![CDATA[TestName1]]>
              </value>
            </param>
            <param index="59">
              <value>
                <![CDATA[TestLastName1]]>
              </value>
            </param>
            <param index="60">
              <value>
                <![CDATA[Male]]>
              </value>
            </param>
            <param index="61">
              <value>
                <![CDATA[987-52-3698]]>
              </value>
            </param>
            <param index="62">
              <value>
                <![CDATA[20]]>
              </value>
            </param>
            <param index="63">
              <value>
                <![CDATA[Entity1]]>
              </value>
            </param>
            <param index="64">
              <value>
                <![CDATA[CorporateOfficer1]]>
              </value>
            </param>
            <param index="65">
              <value>
                <![CDATA[Title1]]>
              </value>
            </param>
            <param index="66">
              <value>
                <![CDATA[AL]]>
              </value>
            </param>
            <param index="67">
              <value>
                <![CDATA[Other1]]>
              </value>
            </param>
            <param index="68">
              <value>
                <![CDATA[Friend]]>
              </value>
            </param>
            <param index="69">
              <value>
                <![CDATA[TestName2]]>
              </value>
            </param>
            <param index="70">
              <value>
                <![CDATA[TestLastName2]]>
              </value>
            </param>
            <param index="71">
              <value>
                <![CDATA[Male]]>
              </value>
            </param>
            <param index="72">
              <value>
                <![CDATA[987-52-3692]]>
              </value>
            </param>
            <param index="73">
              <value>
                <![CDATA[30]]>
              </value>
            </param>
            <param index="74">
              <value>
                <![CDATA[Entity2]]>
              </value>
            </param>
            <param index="75">
              <value>
                <![CDATA[Other2]]>
              </value>
            </param>
            <param index="76">
              <value>
                <![CDATA[Other]]>
              </value>
            </param>
            <param index="77">
              <value>
                <![CDATA[TestName3]]>
              </value>
            </param>
            <param index="78">
              <value>
                <![CDATA[TestLastName3]]>
              </value>
            </param>
            <param index="79">
              <value>
                <![CDATA[Male]]>
              </value>
            </param>
            <param index="80">
              <value>
                <![CDATA[987-52-3693]]>
              </value>
            </param>
            <param index="81">
              <value>
                <![CDATA[10]]>
              </value>
            </param>
            <param index="82">
              <value>
                <![CDATA[Entity3]]>
              </value>
            </param>
            <param index="83">
              <value>
                <![CDATA[Other3]]>
              </value>
            </param>
            <param index="84">
              <value>
                <![CDATA[Aunt]]>
              </value>
            </param>
            <param index="85">
              <value>
                <![CDATA[TestName4]]>
              </value>
            </param>
            <param index="86">
              <value>
                <![CDATA[TestLastName4]]>
              </value>
            </param>
            <param index="87">
              <value>
                <![CDATA[Female]]>
              </value>
            </param>
            <param index="88">
              <value>
                <![CDATA[987-52-3694]]>
              </value>
            </param>
            <param index="89">
              <value>
                <![CDATA[15]]>
              </value>
            </param>
            <param index="90">
              <value>
                <![CDATA[Entity4]]>
              </value>
            </param>
            <param index="91">
              <value>
                <![CDATA[Other4]]>
              </value>
            </param>
            <param index="92">
              <value>
                <![CDATA[Child]]>
              </value>
            </param>
            <param index="93">
              <value>
                <![CDATA[TestName5]]>
              </value>
            </param>
            <param index="94">
              <value>
                <![CDATA[TestLastName5]]>
              </value>
            </param>
            <param index="95">
              <value>
                <![CDATA[Male]]>
              </value>
            </param>
            <param index="96">
              <value>
                <![CDATA[987-52-3695]]>
              </value>
            </param>
            <param index="97">
              <value>
                <![CDATA[25]]>
              </value>
            </param>
            <param index="98">
              <value>
                <![CDATA[Entity5]]>
              </value>
            </param>
            <param index="99">
              <value>
                <![CDATA[Other5]]>
              </value>
            </param>
            <param index="100">
              <value>
                <![CDATA[50000]]>
              </value>
            </param>
            <param index="101">
              <value>
                <![CDATA[2500]]>
              </value>
            </param>
            <param index="102">
              <value>
                <![CDATA[Yes]]>
              </value>
            </param>
            <param index="103">
              <value>
                <![CDATA[1000]]>
              </value>
            </param>
            <param index="104">
              <value>
                <![CDATA[40]]>
              </value>
            </param>
            <param index="105">
              <value>
                <![CDATA[Automatic Premium Loan/APL (if available)]]>
              </value>
            </param>
            <param index="106">
              <value>
                <![CDATA[Other]]>
              </value>
            </param>
            <param index="107">
              <value>
                <![CDATA[na]]>
              </value>
            </param>
            <param index="108">
              <value>
                <![CDATA[Yes]]>
              </value>
            </param>
            <param index="109">
              <value>
                <![CDATA[No]]>
              </value>
            </param>
            <param index="110">
              <value>
                <![CDATA[Yes]]>
              </value>
            </param>
            <param index="111">
              <value>
                <![CDATA[Yes]]>
              </value>
            </param>
          </params>
          <exception class="org.testng.SkipException">
            <message>
              <![CDATA[Scn 3 is Skipped]]>
            </message>
            <full-stacktrace>
              <![CDATA[org.testng.SkipException: Scn 3 is Skipped
	at com.qa.testCases.WholeLifeTest.WholeLifeApplicationTest(WholeLifeTest.java:121)
	at sun.reflect.NativeMethodAccessorImpl.invoke0(Native Method)
	at sun.reflect.NativeMethodAccessorImpl.invoke(Unknown Source)
	at sun.reflect.DelegatingMethodAccessorImpl.invoke(Unknown Source)
	at java.lang.reflect.Method.invoke(Unknown Source)
	at org.testng.internal.MethodInvocationHelper.invokeMethod(MethodInvocationHelper.java:80)
	at org.testng.internal.Invoker.invokeMethod(Invoker.java:715)
	at org.testng.internal.Invoker.invokeTestMethod(Invoker.java:907)
	at org.testng.internal.Invoker.invokeTestMethods(Invoker.java:1237)
	at org.testng.internal.TestMethodWorker.invokeTestMethods(TestMethodWorker.java:127)
	at org.testng.internal.TestMethodWorker.run(TestMethodWorker.java:111)
	at org.testng.TestRunner.privateRun(TestRunner.java:767)
	at org.testng.TestRunner.run(TestRunner.java:617)
	at org.testng.SuiteRunner.runTest(SuiteRunner.java:334)
	at org.testng.SuiteRunner.runSequentially(SuiteRunner.java:329)
	at org.testng.SuiteRunner.privateRun(SuiteRunner.java:291)
	at org.testng.SuiteRunner.run(SuiteRunner.java:240)
	at org.testng.SuiteRunnerWorker.runSuite(SuiteRunnerWorker.java:51)
	at org.testng.SuiteRunnerWorker.run(SuiteRunnerWorker.java:85)
	at org.testng.TestNG.runSuitesSequentially(TestNG.java:1197)
	at org.testng.TestNG.runSuitesLocally(TestNG.java:1122)
	at org.testng.TestNG.run(TestNG.java:1030)
	at org.testng.remote.AbstractRemoteTestNG.run(AbstractRemoteTestNG.java:132)
	at org.testng.remote.RemoteTestNG.initAndRun(RemoteTestNG.java:236)
	at org.testng.remote.RemoteTestNG.main(RemoteTestNG.java:81)
]]>
            </full-stacktrace>
          </exception> <!-- org.testng.SkipException -->
          <reporter-output>
          </reporter-output>
        </test-method> <!-- WholeLifeApplicationTest -->
        <test-method status="PASS" signature="tearDown(org.testng.ITestResult)[pri:0, instance:com.qa.testCases.WholeLifeTest@39f31e]" name="tearDown" is-config="true" duration-ms="125" started-at="2020-04-13T16:57:11Z" finished-at="2020-04-13T16:57:11Z">
          <params>
            <param index="0">
              <value>
                <![CDATA[[TestResult: WholeLifeApplicationTest STATUS:SKIP METHOD:WholeLifeTest.WholeLifeApplicationTest(java.lang.String, java.lang.String, java.lang.String, java.lang.String, java.lang.String, java.lang.String, java.lang.String, java.lang.String, java.lang.String, java.lang.String, java.lang.String, java.lang.String, java.lang.String, java.lang.String, java.lang.String, java.lang.String, java.lang.String, java.lang.String, java.lang.String, java.lang.String, java.lang.String, java.lang.String, java.lang.String, java.lang.String, java.lang.String, java.lang.String, java.lang.String, java.lang.String, java.lang.String, java.lang.String, java.lang.String, java.lang.String, java.lang.String, java.lang.String, java.lang.String, java.lang.String, java.lang.String, java.lang.String, java.lang.String, java.lang.String, java.lang.String, java.lang.String, java.lang.String, java.lang.String, java.lang.String, java.lang.String, java.lang.String, java.lang.String, java.lang.String, java.lang.String, java.lang.String, java.lang.String, java.lang.String, java.lang.String, java.lang.String, java.lang.String, java.lang.String, java.lang.String, java.lang.String, java.lang.String, java.lang.String, java.lang.String, java.lang.String, java.lang.String, java.lang.String, java.lang.String, java.lang.String, java.lang.String, java.lang.String, java.lang.String, java.lang.String, java.lang.String, java.lang.String, java.lang.String, java.lang.String, java.lang.String, java.lang.String, java.lang.String, java.lang.String, java.lang.String, java.lang.String, java.lang.String, java.lang.String, java.lang.String, java.lang.String, java.lang.String, java.lang.String, java.lang.String, java.lang.String, java.lang.String, java.lang.String, java.lang.String, java.lang.String, java.lang.String, java.lang.String, java.lang.String, java.lang.String, java.lang.String, java.lang.String, java.lang.String, java.lang.String, java.lang.String, java.lang.String, java.lang.String, java.lang.String, java.lang.String, java.lang.String, java.lang.String, java.lang.String, java.lang.String, java.lang.String, java.lang.String)[pri:0, instance:com.qa.testCases.WholeLifeTest@39f31e]]
]]>
              </value>
            </param>
          </params>
          <reporter-output>
          </reporter-output>
        </test-method> <!-- tearDown -->
        <test-method status="SKIP" signature="WholeLifeApplicationTest(java.lang.String, java.lang.String, java.lang.String, java.lang.String, java.lang.String, java.lang.String, java.lang.String, java.lang.String, java.lang.String, java.lang.String, java.lang.String, java.lang.String, java.lang.String, java.lang.String, java.lang.String, java.lang.String, java.lang.String, java.lang.String, java.lang.String, java.lang.String, java.lang.String, java.lang.String, java.lang.String, java.lang.String, java.lang.String, java.lang.String, java.lang.String, java.lang.String, java.lang.String, java.lang.String, java.lang.String, java.lang.String, java.lang.String, java.lang.String, java.lang.String, java.lang.String, java.lang.String, java.lang.String, java.lang.String, java.lang.String, java.lang.String, java.lang.String, java.lang.String, java.lang.String, java.lang.String, java.lang.String, java.lang.String, java.lang.String, java.lang.String, java.lang.String, java.lang.String, java.lang.String, java.lang.String, java.lang.String, java.lang.String, java.lang.String, java.lang.String, java.lang.String, java.lang.String, java.lang.String, java.lang.String, java.lang.String, java.lang.String, java.lang.String, java.lang.String, java.lang.String, java.lang.String, java.lang.String, java.lang.String, java.lang.String, java.lang.String, java.lang.String, java.lang.String, java.lang.String, java.lang.String, java.lang.String, java.lang.String, java.lang.String, java.lang.String, java.lang.String, java.lang.String, java.lang.String, java.lang.String, java.lang.String, java.lang.String, java.lang.String, java.lang.String, java.lang.String, java.lang.String, java.lang.String, java.lang.String, java.lang.String, java.lang.String, java.lang.String, java.lang.String, java.lang.String, java.lang.String, java.lang.String, java.lang.String, java.lang.String, java.lang.String, java.lang.String, java.lang.String, java.lang.String, java.lang.String, java.lang.String, java.lang.String, java.lang.String, java.lang.String, java.lang.String, java.lang.String, java.lang.String)[pri:0, instance:com.qa.testCases.WholeLifeTest@39f31e]" name="WholeLifeApplicationTest" duration-ms="0" started-at="2020-04-13T16:57:11Z" data-provider="getCOTestData" finished-at="2020-04-13T16:57:11Z">
          <params>
            <param index="0">
              <value>
                <![CDATA[Scn 4]]>
              </value>
            </param>
            <param index="1">
              <value>
                <![CDATA[No]]>
              </value>
            </param>
            <param index="2">
              <value>
                <![CDATA[OA_Accord_3_5484]]>
              </value>
            </param>
            <param index="3">
              <value>
                <![CDATA[OA_Accord_3_5484]]>
              </value>
            </param>
            <param index="4">
              <value>
                <![CDATA[Jenifer1]]>
              </value>
            </param>
            <param index="5">
              <value>
                <![CDATA[Jones]]>
              </value>
            </param>
            <param index="6">
              <value>
                <![CDATA[01/01/1960]]>
              </value>
            </param>
            <param index="7">
              <value>
                <![CDATA[Female]]>
              </value>
            </param>
            <param index="8">
              <value>
                <![CDATA[Georgia]]>
              </value>
            </param>
            <param index="9">
              <value>
                <![CDATA[Whole Life]]>
              </value>
            </param>
            <param index="10">
              <value>
                <![CDATA[Whole Life 95]]>
              </value>
            </param>
            <param index="11">
              <value>
                <![CDATA[No]]>
              </value>
            </param>
            <param index="12">
              <value>
                <![CDATA[Yes]]>
              </value>
            </param>
            <param index="13">
              <value>
                <![CDATA[6.98541236E8]]>
              </value>
            </param>
            <param index="14">
              <value>
                <![CDATA[USA]]>
              </value>
            </param>
            <param index="15">
              <value>
                <![CDATA[Indiana]]>
              </value>
            </param>
            <param index="16">
              <value>
                <![CDATA[Yes]]>
              </value>
            </param>
            <param index="17">
              <value>
                <![CDATA[Street]]>
              </value>
            </param>
            <param index="18">
              <value>
                <![CDATA[City]]>
              </value>
            </param>
            <param index="19">
              <value>
                <![CDATA[00012-4520]]>
              </value>
            </param>
            <param index="20">
              <value>
                <![CDATA[USA]]>
              </value>
            </param>
            <param index="21">
              <value>
                <![CDATA[10.0]]>
              </value>
            </param>
            <param index="22">
              <value>
                <![CDATA[9.632587412E9]]>
              </value>
            </param>
            <param index="23">
              <value>
                <![CDATA[No]]>
              </value>
            </param>
            <param index="24">
              <value>
                <![CDATA[Proposed Insured]]>
              </value>
            </param>
            <param index="25">
              <value>
                <![CDATA[Yes]]>
              </value>
            </param>
            <param index="26">
              <value>
                <![CDATA[2356241]]>
              </value>
            </param>
            <param index="27">
              <value>
                <![CDATA[Alaska]]>
              </value>
            </param>
            <param index="28">
              <value>
                <![CDATA[12/06/2030]]>
              </value>
            </param>
            <param index="29">
              <value>
                <![CDATA[12000]]>
              </value>
            </param>
            <param index="30">
              <value>
                <![CDATA[2100]]>
              </value>
            </param>
            <param index="31">
              <value>
                <![CDATA[150000]]>
              </value>
            </param>
            <param index="32">
              <value>
                <![CDATA[No]]>
              </value>
            </param>
            <param index="33">
              <value>
                <![CDATA[Aruba]]>
              </value>
            </param>
            <param index="34">
              <value>
                <![CDATA[No]]>
              </value>
            </param>
            <param index="35">
              <value>
                <![CDATA[231546525]]>
              </value>
            </param>
            <param index="36">
              <value>
                <![CDATA[06-Dec-2030]]>
              </value>
            </param>
            <param index="37">
              <value>
                <![CDATA[No]]>
              </value>
            </param>
            <param index="38">
              <value>
                <![CDATA[na]]>
              </value>
            </param>
            <param index="39">
              <value>
                <![CDATA[06-Dec-2030]]>
              </value>
            </param>
            <param index="40">
              <value>
                <![CDATA[5623214]]>
              </value>
            </param>
            <param index="41">
              <value>
                <![CDATA[na]]>
              </value>
            </param>
            <param index="42">
              <value>
                <![CDATA[Business]]>
              </value>
            </param>
            <param index="43">
              <value>
                <![CDATA[Aunt]]>
              </value>
            </param>
            <param index="44">
              <value>
                <![CDATA[Test_First]]>
              </value>
            </param>
            <param index="45">
              <value>
                <![CDATA[Test_Last]]>
              </value>
            </param>
            <param index="46">
              <value>
                <![CDATA[7.56339751E8]]>
              </value>
            </param>
            <param index="47">
              <value>
                <![CDATA[12/6/1960]]>
              </value>
            </param>
            <param index="48">
              <value>
                <![CDATA[Georgia]]>
              </value>
            </param>
            <param index="49">
              <value>
                <![CDATA[Male]]>
              </value>
            </param>
            <param index="50">
              <value>
                <![CDATA[Yes]]>
              </value>
            </param>
            <param index="51">
              <value>
                <![CDATA[Alaska]]>
              </value>
            </param>
            <param index="52">
              <value>
                <![CDATA[12/6/2030]]>
              </value>
            </param>
            <param index="53">
              <value>
                <![CDATA[No]]>
              </value>
            </param>
            <param index="54">
              <value>
                <![CDATA[5]]>
              </value>
            </param>
            <param index="55">
              <value>
                <![CDATA[Yes]]>
              </value>
            </param>
            <param index="56">
              <value>
                <![CDATA[To Deceased Beneficiary's Child(ren)]]>
              </value>
            </param>
            <param index="57">
              <value>
                <![CDATA[Other]]>
              </value>
            </param>
            <param index="58">
              <value>
                <![CDATA[TestName1]]>
              </value>
            </param>
            <param index="59">
              <value>
                <![CDATA[TestLastName1]]>
              </value>
            </param>
            <param index="60">
              <value>
                <![CDATA[Male]]>
              </value>
            </param>
            <param index="61">
              <value>
                <![CDATA[987-52-3698]]>
              </value>
            </param>
            <param index="62">
              <value>
                <![CDATA[20]]>
              </value>
            </param>
            <param index="63">
              <value>
                <![CDATA[Entity1]]>
              </value>
            </param>
            <param index="64">
              <value>
                <![CDATA[CorporateOfficer1]]>
              </value>
            </param>
            <param index="65">
              <value>
                <![CDATA[Title1]]>
              </value>
            </param>
            <param index="66">
              <value>
                <![CDATA[AL]]>
              </value>
            </param>
            <param index="67">
              <value>
                <![CDATA[Other1]]>
              </value>
            </param>
            <param index="68">
              <value>
                <![CDATA[Friend]]>
              </value>
            </param>
            <param index="69">
              <value>
                <![CDATA[TestName2]]>
              </value>
            </param>
            <param index="70">
              <value>
                <![CDATA[TestLastName2]]>
              </value>
            </param>
            <param index="71">
              <value>
                <![CDATA[Male]]>
              </value>
            </param>
            <param index="72">
              <value>
                <![CDATA[987-52-3692]]>
              </value>
            </param>
            <param index="73">
              <value>
                <![CDATA[30]]>
              </value>
            </param>
            <param index="74">
              <value>
                <![CDATA[Entity2]]>
              </value>
            </param>
            <param index="75">
              <value>
                <![CDATA[Other2]]>
              </value>
            </param>
            <param index="76">
              <value>
                <![CDATA[Other]]>
              </value>
            </param>
            <param index="77">
              <value>
                <![CDATA[TestName3]]>
              </value>
            </param>
            <param index="78">
              <value>
                <![CDATA[TestLastName3]]>
              </value>
            </param>
            <param index="79">
              <value>
                <![CDATA[Male]]>
              </value>
            </param>
            <param index="80">
              <value>
                <![CDATA[987-52-3693]]>
              </value>
            </param>
            <param index="81">
              <value>
                <![CDATA[10]]>
              </value>
            </param>
            <param index="82">
              <value>
                <![CDATA[Entity3]]>
              </value>
            </param>
            <param index="83">
              <value>
                <![CDATA[Other3]]>
              </value>
            </param>
            <param index="84">
              <value>
                <![CDATA[Aunt]]>
              </value>
            </param>
            <param index="85">
              <value>
                <![CDATA[TestName4]]>
              </value>
            </param>
            <param index="86">
              <value>
                <![CDATA[TestLastName4]]>
              </value>
            </param>
            <param index="87">
              <value>
                <![CDATA[Female]]>
              </value>
            </param>
            <param index="88">
              <value>
                <![CDATA[987-52-3694]]>
              </value>
            </param>
            <param index="89">
              <value>
                <![CDATA[15]]>
              </value>
            </param>
            <param index="90">
              <value>
                <![CDATA[Entity4]]>
              </value>
            </param>
            <param index="91">
              <value>
                <![CDATA[Other4]]>
              </value>
            </param>
            <param index="92">
              <value>
                <![CDATA[Child]]>
              </value>
            </param>
            <param index="93">
              <value>
                <![CDATA[TestName5]]>
              </value>
            </param>
            <param index="94">
              <value>
                <![CDATA[TestLastName5]]>
              </value>
            </param>
            <param index="95">
              <value>
                <![CDATA[Male]]>
              </value>
            </param>
            <param index="96">
              <value>
[...]
          <params>
            <param index="0">
              <value>
                <![CDATA[Scn 11]]>
              </value>
            </param>
            <param index="1">
              <value>
                <![CDATA[No]]>
              </value>
            </param>
            <param index="2">
              <value>
                <![CDATA[OA_Accord_3_5484]]>
              </value>
            </param>
            <param index="3">
              <value>
                <![CDATA[OA_Accord_3_5484]]>
              </value>
            </param>
            <param index="4">
              <value>
                <![CDATA[Jenifer1]]>
              </value>
            </param>
            <param index="5">
              <value>
                <![CDATA[Jones]]>
              </value>
            </param>
            <param index="6">
              <value>
                <![CDATA[01/01/1960]]>
              </value>
            </param>
            <param index="7">
              <value>
                <![CDATA[Female]]>
              </value>
            </param>
            <param index="8">
              <value>
                <![CDATA[Georgia]]>
              </value>
            </param>
            <param index="9">
              <value>
                <![CDATA[Whole Life]]>
              </value>
            </param>
            <param index="10">
              <value>
                <![CDATA[Whole Life 95]]>
              </value>
            </param>
            <param index="11">
              <value>
                <![CDATA[Yes]]>
              </value>
            </param>
            <param index="12">
              <value>
                <![CDATA[Yes]]>
              </value>
            </param>
            <param index="13">
              <value>
                <![CDATA[6.98541236E8]]>
              </value>
            </param>
            <param index="14">
              <value>
                <![CDATA[USA]]>
              </value>
            </param>
            <param index="15">
              <value>
                <![CDATA[Indiana]]>
              </value>
            </param>
            <param index="16">
              <value>
                <![CDATA[Yes]]>
              </value>
            </param>
            <param index="17">
              <value>
                <![CDATA[Street]]>
              </value>
            </param>
            <param index="18">
              <value>
                <![CDATA[City]]>
              </value>
            </param>
            <param index="19">
              <value>
                <![CDATA[00012-4520]]>
              </value>
            </param>
            <param index="20">
              <value>
                <![CDATA[USA]]>
              </value>
            </param>
            <param index="21">
              <value>
                <![CDATA[10.0]]>
              </value>
            </param>
            <param index="22">
              <value>
                <![CDATA[9.632587412E9]]>
              </value>
            </param>
            <param index="23">
              <value>
                <![CDATA[Yes]]>
              </value>
            </param>
            <param index="24">
              <value>
                <![CDATA[Proposed Insured]]>
              </value>
            </param>
            <param index="25">
              <value>
                <![CDATA[Yes]]>
              </value>
            </param>
            <param index="26">
              <value>
                <![CDATA[2356241]]>
              </value>
            </param>
            <param index="27">
              <value>
                <![CDATA[Alaska]]>
              </value>
            </param>
            <param index="28">
              <value>
                <![CDATA[12/06/2030]]>
              </value>
            </param>
            <param index="29">
              <value>
                <![CDATA[12000]]>
              </value>
            </param>
            <param index="30">
              <value>
                <![CDATA[2100]]>
              </value>
            </param>
            <param index="31">
              <value>
                <![CDATA[150000]]>
              </value>
            </param>
            <param index="32">
              <value>
                <![CDATA[No]]>
              </value>
            </param>
            <param index="33">
              <value>
                <![CDATA[Aruba]]>
              </value>
            </param>
            <param index="34">
              <value>
                <![CDATA[No]]>
              </value>
            </param>
            <param index="35">
              <value>
                <![CDATA[231546525]]>
              </value>
            </param>
            <param index="36">
              <value>
                <![CDATA[06-Dec-2030]]>
              </value>
            </param>
            <param index="37">
              <value>
                <![CDATA[No]]>
              </value>
            </param>
            <param index="38">
              <value>
                <![CDATA[na]]>
              </value>
            </param>
            <param index="39">
              <value>
                <![CDATA[06-Dec-2030]]>
              </value>
            </param>
            <param index="40">
              <value>
                <![CDATA[5623214]]>
              </value>
            </param>
            <param index="41">
              <value>
                <![CDATA[na]]>
              </value>
            </param>
            <param index="42">
              <value>
                <![CDATA[Business]]>
              </value>
            </param>
            <param index="43">
              <value>
                <![CDATA[Aunt]]>
              </value>
            </param>
            <param index="44">
              <value>
                <![CDATA[Test_First]]>
              </value>
            </param>
            <param index="45">
              <value>
                <![CDATA[Test_Last]]>
              </value>
            </param>
            <param index="46">
              <value>
                <![CDATA[7.56339751E8]]>
              </value>
            </param>
            <param index="47">
              <value>
                <![CDATA[12/6/1960]]>
              </value>
            </param>
            <param index="48">
              <value>
                <![CDATA[Georgia]]>
              </value>
            </param>
            <param index="49">
              <value>
                <![CDATA[Male]]>
              </value>
            </param>
            <param index="50">
              <value>
                <![CDATA[Yes]]>
              </value>
            </param>
            <param index="51">
              <value>
                <![CDATA[Alaska]]>
              </value>
            </param>
            <param index="52">
              <value>
                <![CDATA[12/6/2030]]>
              </value>
            </param>
            <param index="53">
              <value>
                <![CDATA[No]]>
              </value>
            </param>
            <param index="54">
              <value>
                <![CDATA[5]]>
              </value>
            </param>
            <param index="55">
              <value>
                <![CDATA[Yes]]>
              </value>
            </param>
            <param index="56">
              <value>
                <![CDATA[To Deceased Beneficiary's Child(ren)]]>
              </value>
            </param>
            <param index="57">
              <value>
                <![CDATA[Other]]>
              </value>
            </param>
            <param index="58">
              <value>
                <![CDATA[TestName1]]>
              </value>
            </param>
            <param index="59">
              <value>
                <![CDATA[TestLastName1]]>
              </value>
            </param>
            <param index="60">
              <value>
                <![CDATA[Male]]>
              </value>
            </param>
            <param index="61">
              <value>
                <![CDATA[987-52-3698]]>
              </value>
            </param>
            <param index="62">
              <value>
                <![CDATA[20]]>
              </value>
            </param>
            <param index="63">
              <value>
                <![CDATA[Entity1]]>
              </value>
            </param>
            <param index="64">
              <value>
                <![CDATA[CorporateOfficer1]]>
              </value>
            </param>
            <param index="65">
              <value>
                <![CDATA[Title1]]>
              </value>
            </param>
            <param index="66">
              <value>
                <![CDATA[AL]]>
              </value>
            </param>
            <param index="67">
              <value>
                <![CDATA[Other1]]>
              </value>
            </param>
            <param index="68">
              <value>
                <![CDATA[Friend]]>
              </value>
            </param>
            <param index="69">
              <value>
                <![CDATA[TestName2]]>
              </value>
            </param>
            <param index="70">
              <value>
                <![CDATA[TestLastName2]]>
              </value>
            </param>
            <param index="71">
              <value>
                <![CDATA[Male]]>
              </value>
            </param>
            <param index="72">
              <value>
                <![CDATA[987-52-3692]]>
              </value>
            </param>
            <param index="73">
              <value>
                <![CDATA[30]]>
              </value>
            </param>
            <param index="74">
              <value>
                <![CDATA[Entity2]]>
              </value>
            </param>
            <param index="75">
              <value>
                <![CDATA[Other2]]>
              </value>
            </param>
            <param index="76">
              <value>
                <![CDATA[Other]]>
              </value>
            </param>
            <param index="77">
              <value>
                <![CDATA[TestName3]]>
              </value>
            </param>
            <param index="78">
              <value>
                <![CDATA[TestLastName3]]>
              </value>
            </param>
            <param index="79">
              <value>
                <![CDATA[Male]]>
              </value>
            </param>
            <param index="80">
              <value>
                <![CDATA[987-52-3693]]>
              </value>
            </param>
            <param index="81">
              <value>
                <![CDATA[10]]>
              </value>
            </param>
            <param index="82">
              <value>
                <![CDATA[Entity3]]>
              </value>
            </param>
            <param index="83">
              <value>
                <![CDATA[Other3]]>
              </value>
            </param>
            <param index="84">
              <value>
                <![CDATA[Aunt]]>
              </value>
            </param>
            <param index="85">
              <value>
                <![CDATA[TestName4]]>
              </value>
            </param>
            <param index="86">
              <value>
                <![CDATA[TestLastName4]]>
              </value>
            </param>
            <param index="87">
              <value>
                <![CDATA[Female]]>
              </value>
            </param>
            <param index="88">
              <value>
                <![CDATA[987-52-3694]]>
              </value>
            </param>
            <param index="89">
              <value>
                <![CDATA[15]]>
              </value>
            </param>
            <param index="90">
              <value>
                <![CDATA[Entity4]]>
              </value>
            </param>
            <param index="91">
              <value>
                <![CDATA[Other4]]>
              </value>
            </param>
            <param index="92">
              <value>
                <![CDATA[Child]]>
              </value>
            </param>
            <param index="93">
              <value>
                <![CDATA[TestName5]]>
              </value>
            </param>
            <param index="94">
              <value>
                <![CDATA[TestLastName5]]>
              </value>
            </param>
            <param index="95">
              <value>
                <![CDATA[Male]]>
              </value>
            </param>
            <param index="96">
              <value>
                <![CDATA[987-52-3695]]>
              </value>
            </param>
            <param index="97">
              <value>
                <![CDATA[25]]>
              </value>
            </param>
            <param index="98">
              <value>
                <![CDATA[Entity5]]>
              </value>
            </param>
            <param index="99">
              <value>
                <![CDATA[Other5]]>
              </value>
            </param>
            <param index="100">
              <value>
                <![CDATA[50000]]>
              </value>
            </param>
            <param index="101">
              <value>
                <![CDATA[2500]]>
              </value>
            </param>
            <param index="102">
              <value>
                <![CDATA[Yes]]>
              </value>
            </param>
            <param index="103">
              <value>
                <![CDATA[1000]]>
              </value>
            </param>
            <param index="104">
              <value>
                <![CDATA[40]]>
              </value>
            </param>
            <param index="105">
              <value>
                <![CDATA[Automatic Premium Loan/APL (if available)]]>
              </value>
            </param>
            <param index="106">
              <value>
                <![CDATA[Other]]>
              </value>
            </param>
            <param index="107">
              <value>
                <![CDATA[na]]>
              </value>
            </param>
            <param index="108">
              <value>
                <![CDATA[Yes]]>
              </value>
            </param>
            <param index="109">
              <value>
                <![CDATA[No]]>
              </value>
            </param>
            <param index="110">
              <value>
                <![CDATA[Yes]]>
              </value>
            </param>
            <param index="111">
              <value>
                <![CDATA[Yes]]>
              </value>
            </param>
          </params>
          <exception class="org.testng.SkipException">
            <message>
              <![CDATA[Scn 11 is Skipped]]>
            </message>
            <full-stacktrace>
              <![CDATA[org.testng.SkipException: Scn 11 is Skipped
	at com.qa.testCases.WholeLifeTest.WholeLifeApplicationTest(WholeLifeTest.java:121)
	at sun.reflect.NativeMethodAccessorImpl.invoke0(Native Method)
	at sun.reflect.NativeMethodAccessorImpl.invoke(Unknown Source)
	at sun.reflect.DelegatingMethodAccessorImpl.invoke(Unknown Source)
	at java.lang.reflect.Method.invoke(Unknown Source)
	at org.testng.internal.MethodInvocationHelper.invokeMethod(MethodInvocationHelper.java:80)
	at org.testng.internal.Invoker.invokeMethod(Invoker.java:715)
	at org.testng.internal.Invoker.invokeTestMethod(Invoker.java:907)
	at org.testng.internal.Invoker.invokeTestMethods(Invoker.java:1237)
	at org.testng.internal.TestMethodWorker.invokeTestMethods(TestMethodWorker.java:127)
	at org.testng.internal.TestMethodWorker.run(TestMethodWorker.java:111)
	at org.testng.TestRunner.privateRun(TestRunner.java:767)
	at org.testng.TestRunner.run(TestRunner.java:617)
	at org.testng.SuiteRunner.runTest(SuiteRunner.java:334)
	at org.testng.SuiteRunner.runSequentially(SuiteRunner.java:329)
	at org.testng.SuiteRunner.privateRun(SuiteRunner.java:291)
	at org.testng.SuiteRunner.run(SuiteRunner.java:240)
	at org.testng.SuiteRunnerWorker.runSuite(SuiteRunnerWorker.java:51)
	at org.testng.SuiteRunnerWorker.run(SuiteRunnerWorker.java:85)
	at org.testng.TestNG.runSuitesSequentially(TestNG.java:1197)
	at org.testng.TestNG.runSuitesLocally(TestNG.java:1122)
	at org.testng.TestNG.run(TestNG.java:1030)
	at org.testng.remote.AbstractRemoteTestNG.run(AbstractRemoteTestNG.java:132)
	at org.testng.remote.RemoteTestNG.initAndRun(RemoteTestNG.java:236)
	at org.testng.remote.RemoteTestNG.main(RemoteTestNG.java:81)
]]>
            </full-stacktrace>
          </exception> <!-- org.testng.SkipException -->
          <reporter-output>
          </reporter-output>
        </test-method> <!-- WholeLifeApplicationTest -->
        <test-method status="PASS" signature="tearDown(org.testng.ITestResult)[pri:0, instance:com.qa.testCases.WholeLifeTest@39f31e]" name="tearDown" is-config="true" duration-ms="562" started-at="2020-04-13T16:57:13Z" finished-at="2020-04-13T16:57:14Z">
          <params>
            <param index="0">
              <value>
                <![CDATA[[TestResult: WholeLifeApplicationTest STATUS:SKIP METHOD:WholeLifeTest.WholeLifeApplicationTest(java.lang.String, java.lang.String, java.lang.String, java.lang.String, java.lang.String, java.lang.String, java.lang.String, java.lang.String, java.lang.String, java.lang.String, java.lang.String, java.lang.String, java.lang.String, java.lang.String, java.lang.String, java.lang.String, java.lang.String, java.lang.String, java.lang.String, java.lang.String, java.lang.String, java.lang.String, java.lang.String, java.lang.String, java.lang.String, java.lang.String, java.lang.String, java.lang.String, java.lang.String, java.lang.String, java.lang.String, java.lang.String, java.lang.String, java.lang.String, java.lang.String, java.lang.String, java.lang.String, java.lang.String, java.lang.String, java.lang.String, java.lang.String, java.lang.String, java.lang.String, java.lang.String, java.lang.String, java.lang.String, java.lang.String, java.lang.String, java.lang.String, java.lang.String, java.lang.String, java.lang.String, java.lang.String, java.lang.String, java.lang.String, java.lang.String, java.lang.String, java.lang.String, java.lang.String, java.lang.String, java.lang.String, java.lang.String, java.lang.String, java.lang.String, java.lang.String, java.lang.String, java.lang.String, java.lang.String, java.lang.String, java.lang.String, java.lang.String, java.lang.String, java.lang.String, java.lang.String, java.lang.String, java.lang.String, java.lang.String, java.lang.String, java.lang.String, java.lang.String, java.lang.String, java.lang.String, java.lang.String, java.lang.String, java.lang.String, java.lang.String, java.lang.String, java.lang.String, java.lang.String, java.lang.String, java.lang.String, java.lang.String, java.lang.String, java.lang.String, java.lang.String, java.lang.String, java.lang.String, java.lang.String, java.lang.String, java.lang.String, java.lang.String, java.lang.String, java.lang.String, java.lang.String, java.lang.String, java.lang.String, java.lang.String, java.lang.String, java.lang.String, java.lang.String, java.lang.String, java.lang.String)[pri:0, instance:com.qa.testCases.WholeLifeTest@39f31e]]
]]>
              </value>
            </param>
          </params>
          <reporter-output>
          </reporter-output>
        </test-method> <!-- tearDown -->
      </class> <!-- com.qa.testCases.WholeLifeTest -->
    </test> <!-- Default test -->
  </suite> <!-- Default suite -->
</testng-results>
